\BOOKMARK [1][-]{section.1}{\376\377\000I\000m\000p\000l\000e\000m\000e\000n\000t\000a\000t\000i\000o\000n}{}% 1
\BOOKMARK [2][-]{subsection.1.1}{\376\377\000S\000m\000a\000r\000t\000\040\000C\000o\000n\000t\000r\000a\000c\000t\000\040\000-\000\040\000T\000o\000k\000e\000n\000.\000s\000o\000l}{section.1}% 2
\BOOKMARK [3][-]{subsubsection.1.1.1}{\376\377\000T\000o\000k\000e\000n\000\040\000C\000r\000e\000a\000t\000i\000o\000n\000\040\000a\000n\000d\000\040\000I\000n\000i\000t\000i\000a\000l\000i\000z\000a\000t\000i\000o\000n}{subsection.1.1}% 3
\BOOKMARK [3][-]{subsubsection.1.1.2}{\376\377\000T\000o\000k\000e\000n\000\040\000T\000r\000a\000n\000s\000f\000e\000r}{subsection.1.1}% 4
\BOOKMARK [3][-]{subsubsection.1.1.3}{\376\377\000B\000u\000y\000i\000n\000g\000\040\000T\000o\000k\000e\000n\000s}{subsection.1.1}% 5
\BOOKMARK [3][-]{subsubsection.1.1.4}{\376\377\000S\000e\000l\000l\000i\000n\000g\000\040\000T\000o\000k\000e\000n\000s}{subsection.1.1}% 6
\BOOKMARK [3][-]{subsubsection.1.1.5}{\376\377\000R\000e\000w\000a\000r\000d\000i\000n\000g\000\040\000U\000s\000e\000r\000s}{subsection.1.1}% 7
\BOOKMARK [2][-]{subsection.1.2}{\376\377\000T\000e\000s\000t\000i\000n\000g\000\040\000t\000h\000e\000\040\000S\000m\000a\000r\000t\000\040\000C\000o\000n\000t\000r\000a\000c\000t}{section.1}% 8
\BOOKMARK [3][-]{subsubsection.1.2.1}{\376\377\000D\000e\000p\000l\000o\000y\000m\000e\000n\000t\000\040\000T\000e\000s\000t\000s}{subsection.1.2}% 9
\BOOKMARK [3][-]{subsubsection.1.2.2}{\376\377\000T\000r\000a\000n\000s\000a\000c\000t\000i\000o\000n\000\040\000T\000e\000s\000t\000s}{subsection.1.2}% 10
\BOOKMARK [3][-]{subsubsection.1.2.3}{\376\377\000B\000u\000y\000\040\000T\000o\000k\000e\000n\000s\000\040\000T\000e\000s\000t}{subsection.1.2}% 11
\BOOKMARK [3][-]{subsubsection.1.2.4}{\376\377\000W\000i\000t\000h\000d\000r\000a\000w\000\040\000E\000t\000h\000e\000r\000\040\000T\000e\000s\000t}{subsection.1.2}% 12
\BOOKMARK [3][-]{subsubsection.1.2.5}{\376\377\000S\000e\000l\000l\000i\000n\000g\000\040\000T\000o\000k\000e\000n\000s\000\040\000T\000e\000s\000t}{subsection.1.2}% 13
\BOOKMARK [2][-]{subsection.1.3}{\376\377\000D\000e\000p\000l\000o\000y\000i\000n\000g\000\040\000t\000h\000e\000\040\000S\000m\000a\000r\000t\000\040\000C\000o\000n\000t\000r\000a\000c\000t}{section.1}% 14
\BOOKMARK [3][-]{subsubsection.1.3.1}{\376\377\000D\000e\000p\000l\000o\000y\000\040\000S\000c\000r\000i\000p\000t}{subsection.1.3}% 15
\BOOKMARK [2][-]{subsection.1.4}{\376\377\000B\000a\000c\000k\000e\000n\000d\000.\000j\000s\000\040\000M\000o\000d\000u\000l\000e}{section.1}% 16
\BOOKMARK [3][-]{subsubsection.1.4.1}{\376\377\000C\000o\000n\000f\000i\000g\000u\000r\000i\000n\000g\000\040\000t\000h\000e\000\040\000P\000r\000o\000v\000i\000d\000e\000r\000\040\000a\000n\000d\000\040\000W\000a\000l\000l\000e\000t}{subsection.1.4}% 17
\BOOKMARK [3][-]{subsubsection.1.4.2}{\376\377\000C\000o\000n\000t\000r\000a\000c\000t\000\040\000C\000o\000n\000n\000e\000c\000t\000i\000o\000n}{subsection.1.4}% 18
\BOOKMARK [3][-]{subsubsection.1.4.3}{\376\377\000B\000u\000y\000i\000n\000g\000\040\000T\000o\000k\000e\000n\000s}{subsection.1.4}% 19
\BOOKMARK [3][-]{subsubsection.1.4.4}{\376\377\000S\000e\000l\000l\000i\000n\000g\000\040\000T\000o\000k\000e\000n\000s}{subsection.1.4}% 20
\BOOKMARK [3][-]{subsubsection.1.4.5}{\376\377\000R\000e\000w\000a\000r\000d\000i\000n\000g\000\040\000U\000s\000e\000r\000s}{subsection.1.4}% 21
